# JRE version: Java(TM) SE Runtime Environment (8.0_161-b12) (build 1.8.0_161-b12)
# Java VM: Java HotSpot(TM) 64-Bit Server VM (25.161-b12 mixed mode windows-amd64 compressed oops)
Heap:
 PSYoungGen      total 122368K, used 103198K [0x00000000d5f80000, 0x00000000e1900000, 0x0000000100000000)
  eden space 111616K, 92% used [0x00000000d5f80000,0x00000000dc447898,0x00000000dcc80000)
  from space 10752K, 0% used [0x00000000dcc80000,0x00000000dcc80000,0x00000000dd700000)
  to   space 12288K, 0% used [0x00000000e0d00000,0x00000000e0d00000,0x00000000e1900000)
 ParOldGen       total 72192K, used 17250K [0x0000000081e00000, 0x0000000086480000, 0x00000000d5f80000)
  object space 72192K, 23% used [0x0000000081e00000,0x0000000082ed8958,0x0000000086480000)
 Metaspace       used 40802K, capacity 43552K, committed 43688K, reserved 1087488K
  class space    used 5569K, capacity 6046K, committed 6056K, reserved 1048576K
GC Heap History (10 events):
Event: 6.686 GC heap before
{Heap before GC invocations=7 (full 1):
 PSYoungGen      total 38400K, used 33280K [0x00000000d5f80000, 0x00000000db380000, 0x0000000100000000)
  eden space 33280K, 100% used [0x00000000d5f80000,0x00000000d8000000,0x00000000d8000000)
  from space 5120K, 0% used [0x00000000d8000000,0x00000000d8000000,0x00000000d8500000)
  to   space 9728K, 0% used [0x00000000daa00000,0x00000000daa00000,0x00000000db380000)
 ParOldGen       total 50176K, used 7771K [0x0000000081e00000, 0x0000000084f00000, 0x00000000d5f80000)
  object space 50176K, 15% used [0x0000000081e00000,0x0000000082596cf8,0x0000000084f00000)
 Metaspace       used 23047K, capacity 24054K, committed 24320K, reserved 1071104K
  class space    used 2984K, capacity 3237K, committed 3328K, reserved 1048576K
Event: 6.690 GC heap after
Heap after GC invocations=7 (full 1):
 PSYoungGen      total 68096K, used 4399K [0x00000000d5f80000, 0x00000000db000000, 0x0000000100000000)
  eden space 61952K, 0% used [0x00000000d5f80000,0x00000000d5f80000,0x00000000d9c00000)
  from space 6144K, 71% used [0x00000000daa00000,0x00000000dae4bcf8,0x00000000db000000)
  to   space 10240K, 0% used [0x00000000d9c00000,0x00000000d9c00000,0x00000000da600000)
 ParOldGen       total 50176K, used 7779K [0x0000000081e00000, 0x0000000084f00000, 0x00000000d5f80000)
  object space 50176K, 15% used [0x0000000081e00000,0x0000000082598cf8,0x0000000084f00000)
 Metaspace       used 23047K, capacity 24054K, committed 24320K, reserved 1071104K
  class space    used 2984K, capacity 3237K, committed 3328K, reserved 1048576K
}
Event: 7.322 GC heap before
{Heap before GC invocations=8 (full 1):
 PSYoungGen      total 68096K, used 66351K [0x00000000d5f80000, 0x00000000db000000, 0x0000000100000000)
  eden space 61952K, 100% used [0x00000000d5f80000,0x00000000d9c00000,0x00000000d9c00000)
  from space 6144K, 71% used [0x00000000daa00000,0x00000000dae4bcf8,0x00000000db000000)
  to   space 10240K, 0% used [0x00000000d9c00000,0x00000000d9c00000,0x00000000da600000)
 ParOldGen       total 50176K, used 7779K [0x0000000081e00000, 0x0000000084f00000, 0x00000000d5f80000)
  object space 50176K, 15% used [0x0000000081e00000,0x0000000082598cf8,0x0000000084f00000)
 Metaspace       used 25743K, capacity 26980K, committed 27264K, reserved 1073152K
  class space    used 3352K, capacity 3642K, committed 3712K, reserved 1048576K
Event: 7.328 GC heap after
Heap after GC invocations=8 (full 1):
 PSYoungGen      total 72192K, used 7011K [0x00000000d5f80000, 0x00000000de180000, 0x0000000100000000)
  eden space 61952K, 0% used [0x00000000d5f80000,0x00000000d5f80000,0x00000000d9c00000)
  from space 10240K, 68% used [0x00000000d9c00000,0x00000000da2d8e68,0x00000000da600000)
  to   space 9728K, 0% used [0x00000000dd800000,0x00000000dd800000,0x00000000de180000)
 ParOldGen       total 50176K, used 7787K [0x0000000081e00000, 0x0000000084f00000, 0x00000000d5f80000)
  object space 50176K, 15% used [0x0000000081e00000,0x000000008259acf8,0x0000000084f00000)
 Metaspace       used 25743K, capacity 26980K, committed 27264K, reserved 1073152K
  class space    used 3352K, capacity 3642K, committed 3712K, reserved 1048576K
}
Event: 10.488 GC heap before
{Heap before GC invocations=9 (full 1):
 PSYoungGen      total 72192K, used 68963K [0x00000000d5f80000, 0x00000000de180000, 0x0000000100000000)
  eden space 61952K, 100% used [0x00000000d5f80000,0x00000000d9c00000,0x00000000d9c00000)
  from space 10240K, 68% used [0x00000000d9c00000,0x00000000da2d8e68,0x00000000da600000)
  to   space 9728K, 0% used [0x00000000dd800000,0x00000000dd800000,0x00000000de180000)
 ParOldGen       total 50176K, used 7787K [0x0000000081e00000, 0x0000000084f00000, 0x00000000d5f80000)
  object space 50176K, 15% used [0x0000000081e00000,0x000000008259acf8,0x0000000084f00000)
 Metaspace       used 30168K, capacity 32052K, committed 32256K, reserved 1077248K
  class space    used 4006K, capacity 4346K, committed 4352K, reserved 1048576K
Event: 10.495 GC heap after
Heap after GC invocations=9 (full 1):
 PSYoungGen      total 121344K, used 9633K [0x00000000d5f80000, 0x00000000de180000, 0x0000000100000000)
  eden space 111616K, 0% used [0x00000000d5f80000,0x00000000d5f80000,0x00000000dcc80000)
  from space 9728K, 99% used [0x00000000dd800000,0x00000000de168480,0x00000000de180000)
  to   space 10752K, 0% used [0x00000000dcc80000,0x00000000dcc80000,0x00000000dd700000)
 ParOldGen       total 50176K, used 7795K [0x0000000081e00000, 0x0000000084f00000, 0x00000000d5f80000)
  object space 50176K, 15% used [0x0000000081e00000,0x000000008259ccf8,0x0000000084f00000)
 Metaspace       used 30168K, capacity 32052K, committed 32256K, reserved 1077248K
  class space    used 4006K, capacity 4346K, committed 4352K, reserved 1048576K
}
Event: 11.089 GC heap before
{Heap before GC invocations=10 (full 1):
 PSYoungGen      total 121344K, used 96971K [0x00000000d5f80000, 0x00000000de180000, 0x0000000100000000)
  eden space 111616K, 78% used [0x00000000d5f80000,0x00000000db4ca938,0x00000000dcc80000)
  from space 9728K, 99% used [0x00000000dd800000,0x00000000de168480,0x00000000de180000)
  to   space 10752K, 0% used [0x00000000dcc80000,0x00000000dcc80000,0x00000000dd700000)
 ParOldGen       total 50176K, used 7795K [0x0000000081e00000, 0x0000000084f00000, 0x00000000d5f80000)
  object space 50176K, 15% used [0x0000000081e00000,0x000000008259ccf8,0x0000000084f00000)
 Metaspace       used 33484K, capacity 35462K, committed 35496K, reserved 1079296K
  class space    used 4392K, capacity 4745K, committed 4776K, reserved 1048576K
Event: 11.099 GC heap after
Heap after GC invocations=10 (full 1):
 PSYoungGen      total 122368K, used 10735K [0x00000000d5f80000, 0x00000000e1900000, 0x0000000100000000)
  eden space 111616K, 0% used [0x00000000d5f80000,0x00000000d5f80000,0x00000000dcc80000)
  from space 10752K, 99% used [0x00000000dcc80000,0x00000000dd6fbf38,0x00000000dd700000)
  to   space 12288K, 0% used [0x00000000e0d00000,0x00000000e0d00000,0x00000000e1900000)
 ParOldGen       total 50176K, used 10067K [0x0000000081e00000, 0x0000000084f00000, 0x00000000d5f80000)
  object space 50176K, 20% used [0x0000000081e00000,0x00000000827d4e50,0x0000000084f00000)
 Metaspace       used 33484K, capacity 35462K, committed 35496K, reserved 1079296K
  class space    used 4392K, capacity 4745K, committed 4776K, reserved 1048576K
}
Event: 11.099 GC heap before
{Heap before GC invocations=11 (full 2):
 PSYoungGen      total 122368K, used 10735K [0x00000000d5f80000, 0x00000000e1900000, 0x0000000100000000)
  eden space 111616K, 0% used [0x00000000d5f80000,0x00000000d5f80000,0x00000000dcc80000)
  from space 10752K, 99% used [0x00000000dcc80000,0x00000000dd6fbf38,0x00000000dd700000)
  to   space 12288K, 0% used [0x00000000e0d00000,0x00000000e0d00000,0x00000000e1900000)
 ParOldGen       total 50176K, used 10067K [0x0000000081e00000, 0x0000000084f00000, 0x00000000d5f80000)
  object space 50176K, 20% used [0x0000000081e00000,0x00000000827d4e50,0x0000000084f00000)
 Metaspace       used 33484K, capacity 35462K, committed 35496K, reserved 1079296K
  class space    used 4392K, capacity 4745K, committed 4776K, reserved 1048576K
Event: 11.149 GC heap after
Heap after GC invocations=11 (full 2):
 PSYoungGen      total 122368K, used 0K [0x00000000d5f80000, 0x00000000e1900000, 0x0000000100000000)
  eden space 111616K, 0% used [0x00000000d5f80000,0x00000000d5f80000,0x00000000dcc80000)
  from space 10752K, 0% used [0x00000000dcc80000,0x00000000dcc80000,0x00000000dd700000)
  to   space 12288K, 0% used [0x00000000e0d00000,0x00000000e0d00000,0x00000000e1900000)
 ParOldGen       total 72192K, used 17250K [0x0000000081e00000, 0x0000000086480000, 0x00000000d5f80000)
  object space 72192K, 23% used [0x0000000081e00000,0x0000000082ed8958,0x0000000086480000)
 Metaspace       used 33484K, capacity 35462K, committed 35496K, reserved 1079296K
  class space    used 4392K, capacity 4745K, committed 4776K, reserved 1048576K
}

