# JRE version: Java(TM) SE Runtime Environment (8.0_161-b12) (build 1.8.0_161-b12)
# Java VM: Java HotSpot(TM) 64-Bit Server VM (25.161-b12 mixed mode windows-amd64 compressed oops)
Heap:
 PSYoungGen      total 33280K, used 32215K [0x00000000d5f80000, 0x00000000db080000, 0x0000000100000000)
  eden space 28160K, 98% used [0x00000000d5f80000,0x00000000d7a8e118,0x00000000d7b00000)
  from space 5120K, 88% used [0x00000000d8500000,0x00000000d8967db0,0x00000000d8a00000)
  to   space 10240K, 0% used [0x00000000d7b00000,0x00000000d7b00000,0x00000000d8500000)
 ParOldGen       total 49664K, used 7914K [0x0000000081e00000, 0x0000000084e80000, 0x00000000d5f80000)
  object space 49664K, 15% used [0x0000000081e00000,0x00000000825baaf8,0x0000000084e80000)
 Metaspace       used 24258K, capacity 25384K, committed 25472K, reserved 1071104K
  class space    used 3143K, capacity 3408K, committed 3456K, reserved 1048576K
GC Heap History (10 events):
Event: 6.410 GC heap before
{Heap before GC invocations=3 (full 0):
 PSYoungGen      total 38400K, used 38399K [0x00000000d5f80000, 0x00000000d8a00000, 0x0000000100000000)
  eden space 33280K, 100% used [0x00000000d5f80000,0x00000000d8000000,0x00000000d8000000)
  from space 5120K, 99% used [0x00000000d8500000,0x00000000d89ffc78,0x00000000d8a00000)
  to   space 5120K, 0% used [0x00000000d8000000,0x00000000d8000000,0x00000000d8500000)
 ParOldGen       total 87552K, used 3406K [0x0000000081e00000, 0x0000000087380000, 0x00000000d5f80000)
  object space 87552K, 3% used [0x0000000081e00000,0x0000000082153b58,0x0000000087380000)
 Metaspace       used 15584K, capacity 16328K, committed 16512K, reserved 1062912K
  class space    used 1983K, capacity 2145K, committed 2176K, reserved 1048576K
Event: 6.419 GC heap after
Heap after GC invocations=3 (full 0):
 PSYoungGen      total 38400K, used 5113K [0x00000000d5f80000, 0x00000000d8a00000, 0x0000000100000000)
  eden space 33280K, 0% used [0x00000000d5f80000,0x00000000d5f80000,0x00000000d8000000)
  from space 5120K, 99% used [0x00000000d8000000,0x00000000d84fe7c0,0x00000000d8500000)
  to   space 5120K, 0% used [0x00000000d8500000,0x00000000d8500000,0x00000000d8a00000)
 ParOldGen       total 87552K, used 6567K [0x0000000081e00000, 0x0000000087380000, 0x00000000d5f80000)
  object space 87552K, 7% used [0x0000000081e00000,0x0000000082469c48,0x0000000087380000)
 Metaspace       used 15584K, capacity 16328K, committed 16512K, reserved 1062912K
  class space    used 1983K, capacity 2145K, committed 2176K, reserved 1048576K
}
Event: 6.560 GC heap before
{Heap before GC invocations=4 (full 0):
 PSYoungGen      total 38400K, used 38393K [0x00000000d5f80000, 0x00000000d8a00000, 0x0000000100000000)
  eden space 33280K, 100% used [0x00000000d5f80000,0x00000000d8000000,0x00000000d8000000)
  from space 5120K, 99% used [0x00000000d8000000,0x00000000d84fe7c0,0x00000000d8500000)
  to   space 5120K, 0% used [0x00000000d8500000,0x00000000d8500000,0x00000000d8a00000)
 ParOldGen       total 87552K, used 6567K [0x0000000081e00000, 0x0000000087380000, 0x00000000d5f80000)
  object space 87552K, 7% used [0x0000000081e00000,0x0000000082469c48,0x0000000087380000)
 Metaspace       used 18120K, capacity 18958K, committed 19072K, reserved 1064960K
  class space    used 2422K, capacity 2633K, committed 2688K, reserved 1048576K
Event: 6.565 GC heap after
Heap after GC invocations=4 (full 0):
 PSYoungGen      total 38400K, used 5092K [0x00000000d5f80000, 0x00000000daa80000, 0x0000000100000000)
  eden space 33280K, 0% used [0x00000000d5f80000,0x00000000d5f80000,0x00000000d8000000)
  from space 5120K, 99% used [0x00000000d8500000,0x00000000d89f90e8,0x00000000d8a00000)
  to   space 5120K, 0% used [0x00000000d8000000,0x00000000d8000000,0x00000000d8500000)
 ParOldGen       total 87552K, used 9352K [0x0000000081e00000, 0x0000000087380000, 0x00000000d5f80000)
  object space 87552K, 10% used [0x0000000081e00000,0x00000000827222c8,0x0000000087380000)
 Metaspace       used 18120K, capacity 18958K, committed 19072K, reserved 1064960K
  class space    used 2422K, capacity 2633K, committed 2688K, reserved 1048576K
}
Event: 6.647 GC heap before
{Heap before GC invocations=5 (full 0):
 PSYoungGen      total 38400K, used 26055K [0x00000000d5f80000, 0x00000000daa80000, 0x0000000100000000)
  eden space 33280K, 62% used [0x00000000d5f80000,0x00000000d73f8d78,0x00000000d8000000)
  from space 5120K, 99% used [0x00000000d8500000,0x00000000d89f90e8,0x00000000d8a00000)
  to   space 5120K, 0% used [0x00000000d8000000,0x00000000d8000000,0x00000000d8500000)
 ParOldGen       total 87552K, used 9352K [0x0000000081e00000, 0x0000000087380000, 0x00000000d5f80000)
  object space 87552K, 10% used [0x0000000081e00000,0x00000000827222c8,0x0000000087380000)
 Metaspace       used 20279K, capacity 21192K, committed 21296K, reserved 1067008K
  class space    used 2655K, capacity 2872K, committed 2944K, reserved 1048576K
Event: 6.652 GC heap after
Heap after GC invocations=5 (full 0):
 PSYoungGen      total 38400K, used 5098K [0x00000000d5f80000, 0x00000000daa80000, 0x0000000100000000)
  eden space 33280K, 0% used [0x00000000d5f80000,0x00000000d5f80000,0x00000000d8000000)
  from space 5120K, 99% used [0x00000000d8000000,0x00000000d84fabe8,0x00000000d8500000)
  to   space 5120K, 0% used [0x00000000d8500000,0x00000000d8500000,0x00000000d8a00000)
 ParOldGen       total 87552K, used 12346K [0x0000000081e00000, 0x0000000087380000, 0x00000000d5f80000)
  object space 87552K, 14% used [0x0000000081e00000,0x0000000082a0e878,0x0000000087380000)
 Metaspace       used 20279K, capacity 21192K, committed 21296K, reserved 1067008K
  class space    used 2655K, capacity 2872K, committed 2944K, reserved 1048576K
}
Event: 6.652 GC heap before
{Heap before GC invocations=6 (full 1):
 PSYoungGen      total 38400K, used 5098K [0x00000000d5f80000, 0x00000000daa80000, 0x0000000100000000)
  eden space 33280K, 0% used [0x00000000d5f80000,0x00000000d5f80000,0x00000000d8000000)
  from space 5120K, 99% used [0x00000000d8000000,0x00000000d84fabe8,0x00000000d8500000)
  to   space 5120K, 0% used [0x00000000d8500000,0x00000000d8500000,0x00000000d8a00000)
 ParOldGen       total 87552K, used 12346K [0x0000000081e00000, 0x0000000087380000, 0x00000000d5f80000)
  object space 87552K, 14% used [0x0000000081e00000,0x0000000082a0e878,0x0000000087380000)
 Metaspace       used 20279K, capacity 21192K, committed 21296K, reserved 1067008K
  class space    used 2655K, capacity 2872K, committed 2944K, reserved 1048576K
Event: 6.676 GC heap after
Heap after GC invocations=6 (full 1):
 PSYoungGen      total 38400K, used 0K [0x00000000d5f80000, 0x00000000daa80000, 0x0000000100000000)
  eden space 33280K, 0% used [0x00000000d5f80000,0x00000000d5f80000,0x00000000d8000000)
  from space 5120K, 0% used [0x00000000d8000000,0x00000000d8000000,0x00000000d8500000)
  to   space 5120K, 0% used [0x00000000d8500000,0x00000000d8500000,0x00000000d8a00000)
 ParOldGen       total 49664K, used 7906K [0x0000000081e00000, 0x0000000084e80000, 0x00000000d5f80000)
  object space 49664K, 15% used [0x0000000081e00000,0x00000000825b8af8,0x0000000084e80000)
 Metaspace       used 20279K, capacity 21192K, committed 21296K, reserved 1067008K
  class space    used 2655K, capacity 2872K, committed 2944K, reserved 1048576K
}
Event: 6.863 GC heap before
{Heap before GC invocations=7 (full 1):
 PSYoungGen      total 38400K, used 33280K [0x00000000d5f80000, 0x00000000daa80000, 0x0000000100000000)
  eden space 33280K, 100% used [0x00000000d5f80000,0x00000000d8000000,0x00000000d8000000)
  from space 5120K, 0% used [0x00000000d8000000,0x00000000d8000000,0x00000000d8500000)
  to   space 5120K, 0% used [0x00000000d8500000,0x00000000d8500000,0x00000000d8a00000)
 ParOldGen       total 49664K, used 7906K [0x0000000081e00000, 0x0000000084e80000, 0x00000000d5f80000)
  object space 49664K, 15% used [0x0000000081e00000,0x00000000825b8af8,0x0000000084e80000)
 Metaspace       used 23092K, capacity 24050K, committed 24320K, reserved 1071104K
  class space    used 2987K, capacity 3237K, committed 3328K, reserved 1048576K
Event: 6.866 GC heap after
Heap after GC invocations=7 (full 1):
 PSYoungGen      total 33280K, used 4511K [0x00000000d5f80000, 0x00000000db080000, 0x0000000100000000)
  eden space 28160K, 0% used [0x00000000d5f80000,0x00000000d5f80000,0x00000000d7b00000)
  from space 5120K, 88% used [0x00000000d8500000,0x00000000d8967db0,0x00000000d8a00000)
  to   space 10240K, 0% used [0x00000000d7b00000,0x00000000d7b00000,0x00000000d8500000)
 ParOldGen       total 49664K, used 7914K [0x0000000081e00000, 0x0000000084e80000, 0x00000000d5f80000)
  object space 49664K, 15% used [0x0000000081e00000,0x00000000825baaf8,0x0000000084e80000)
 Metaspace       used 23092K, capacity 24050K, committed 24320K, reserved 1071104K
  class space    used 2987K, capacity 3237K, committed 3328K, reserved 1048576K
}

