# JRE version: Java(TM) SE Runtime Environment (8.0_161-b12) (build 1.8.0_161-b12)
# Java VM: Java HotSpot(TM) 64-Bit Server VM (25.161-b12 mixed mode windows-amd64 compressed oops)
Heap:
 PSYoungGen      total 125440K, used 65512K [0x00000000d5f80000, 0x00000000e1f00000, 0x0000000100000000)
  eden space 114688K, 57% used [0x00000000d5f80000,0x00000000d9f7a358,0x00000000dcf80000)
  from space 10752K, 0% used [0x00000000dcf80000,0x00000000dcf80000,0x00000000dda00000)
  to   space 12288K, 0% used [0x00000000e1300000,0x00000000e1300000,0x00000000e1f00000)
 ParOldGen       total 71168K, used 16864K [0x0000000081e00000, 0x0000000086380000, 0x00000000d5f80000)
  object space 71168K, 23% used [0x0000000081e00000,0x0000000082e780a8,0x0000000086380000)
 Metaspace       used 38262K, capacity 40770K, committed 41000K, reserved 1085440K
  class space    used 5189K, capacity 5651K, committed 5672K, reserved 1048576K
GC Heap History (10 events):
Event: 9.194 GC heap before
{Heap before GC invocations=7 (full 1):
 PSYoungGen      total 38400K, used 33280K [0x00000000d5f80000, 0x00000000db280000, 0x0000000100000000)
  eden space 33280K, 100% used [0x00000000d5f80000,0x00000000d8000000,0x00000000d8000000)
  from space 5120K, 0% used [0x00000000d8000000,0x00000000d8000000,0x00000000d8500000)
  to   space 9216K, 0% used [0x00000000da980000,0x00000000da980000,0x00000000db280000)
 ParOldGen       total 50688K, used 7697K [0x0000000081e00000, 0x0000000084f80000, 0x00000000d5f80000)
  object space 50688K, 15% used [0x0000000081e00000,0x0000000082584498,0x0000000084f80000)
 Metaspace       used 23156K, capacity 24184K, committed 24576K, reserved 1071104K
  class space    used 2984K, capacity 3238K, committed 3328K, reserved 1048576K
Event: 9.204 GC heap after
Heap after GC invocations=7 (full 1):
 PSYoungGen      total 69632K, used 4689K [0x00000000d5f80000, 0x00000000db000000, 0x0000000100000000)
  eden space 62976K, 0% used [0x00000000d5f80000,0x00000000d5f80000,0x00000000d9d00000)
  from space 6656K, 70% used [0x00000000da980000,0x00000000dae144a0,0x00000000db000000)
  to   space 9728K, 0% used [0x00000000d9d00000,0x00000000d9d00000,0x00000000da680000)
 ParOldGen       total 50688K, used 7705K [0x0000000081e00000, 0x0000000084f80000, 0x00000000d5f80000)
  object space 50688K, 15% used [0x0000000081e00000,0x0000000082586498,0x0000000084f80000)
 Metaspace       used 23156K, capacity 24184K, committed 24576K, reserved 1071104K
  class space    used 2984K, capacity 3238K, committed 3328K, reserved 1048576K
}
Event: 10.101 GC heap before
{Heap before GC invocations=8 (full 1):
 PSYoungGen      total 69632K, used 67665K [0x00000000d5f80000, 0x00000000db000000, 0x0000000100000000)
  eden space 62976K, 100% used [0x00000000d5f80000,0x00000000d9d00000,0x00000000d9d00000)
  from space 6656K, 70% used [0x00000000da980000,0x00000000dae144a0,0x00000000db000000)
  to   space 9728K, 0% used [0x00000000d9d00000,0x00000000d9d00000,0x00000000da680000)
 ParOldGen       total 50688K, used 7705K [0x0000000081e00000, 0x0000000084f80000, 0x00000000d5f80000)
  object space 50688K, 15% used [0x0000000081e00000,0x0000000082586498,0x0000000084f80000)
 Metaspace       used 25842K, capacity 27106K, committed 27264K, reserved 1073152K
  class space    used 3359K, capacity 3643K, committed 3712K, reserved 1048576K
Event: 10.107 GC heap after
Heap after GC invocations=8 (full 1):
 PSYoungGen      total 72704K, used 7134K [0x00000000d5f80000, 0x00000000de480000, 0x0000000100000000)
  eden space 62976K, 0% used [0x00000000d5f80000,0x00000000d5f80000,0x00000000d9d00000)
  from space 9728K, 73% used [0x00000000d9d00000,0x00000000da3f7a68,0x00000000da680000)
  to   space 9728K, 0% used [0x00000000ddb00000,0x00000000ddb00000,0x00000000de480000)
 ParOldGen       total 50688K, used 7713K [0x0000000081e00000, 0x0000000084f80000, 0x00000000d5f80000)
  object space 50688K, 15% used [0x0000000081e00000,0x0000000082588498,0x0000000084f80000)
 Metaspace       used 25842K, capacity 27106K, committed 27264K, reserved 1073152K
  class space    used 3359K, capacity 3643K, committed 3712K, reserved 1048576K
}
Event: 14.150 GC heap before
{Heap before GC invocations=9 (full 1):
 PSYoungGen      total 72704K, used 70110K [0x00000000d5f80000, 0x00000000de480000, 0x0000000100000000)
  eden space 62976K, 100% used [0x00000000d5f80000,0x00000000d9d00000,0x00000000d9d00000)
  from space 9728K, 73% used [0x00000000d9d00000,0x00000000da3f7a68,0x00000000da680000)
  to   space 9728K, 0% used [0x00000000ddb00000,0x00000000ddb00000,0x00000000de480000)
 ParOldGen       total 50688K, used 7713K [0x0000000081e00000, 0x0000000084f80000, 0x00000000d5f80000)
  object space 50688K, 15% used [0x0000000081e00000,0x0000000082588498,0x0000000084f80000)
 Metaspace       used 30663K, capacity 32470K, committed 32640K, reserved 1077248K
  class space    used 4049K, capacity 4379K, committed 4480K, reserved 1048576K
Event: 14.163 GC heap after
Heap after GC invocations=9 (full 1):
 PSYoungGen      total 124416K, used 9726K [0x00000000d5f80000, 0x00000000de480000, 0x0000000100000000)
  eden space 114688K, 0% used [0x00000000d5f80000,0x00000000d5f80000,0x00000000dcf80000)
  from space 9728K, 99% used [0x00000000ddb00000,0x00000000de47fac8,0x00000000de480000)
  to   space 10752K, 0% used [0x00000000dcf80000,0x00000000dcf80000,0x00000000dda00000)
 ParOldGen       total 50688K, used 8149K [0x0000000081e00000, 0x0000000084f80000, 0x00000000d5f80000)
  object space 50688K, 16% used [0x0000000081e00000,0x00000000825f54f8,0x0000000084f80000)
 Metaspace       used 30663K, capacity 32470K, committed 32640K, reserved 1077248K
  class space    used 4049K, capacity 4379K, committed 4480K, reserved 1048576K
}
Event: 15.095 GC heap before
{Heap before GC invocations=10 (full 1):
 PSYoungGen      total 124416K, used 92557K [0x00000000d5f80000, 0x00000000de480000, 0x0000000100000000)
  eden space 114688K, 72% used [0x00000000d5f80000,0x00000000db0639a8,0x00000000dcf80000)
  from space 9728K, 99% used [0x00000000ddb00000,0x00000000de47fac8,0x00000000de480000)
  to   space 10752K, 0% used [0x00000000dcf80000,0x00000000dcf80000,0x00000000dda00000)
 ParOldGen       total 50688K, used 8149K [0x0000000081e00000, 0x0000000084f80000, 0x00000000d5f80000)
  object space 50688K, 16% used [0x0000000081e00000,0x00000000825f54f8,0x0000000084f80000)
 Metaspace       used 33489K, capacity 35460K, committed 35496K, reserved 1079296K
  class space    used 4391K, capacity 4748K, committed 4776K, reserved 1048576K
Event: 15.110 GC heap after
Heap after GC invocations=10 (full 1):
 PSYoungGen      total 125440K, used 10733K [0x00000000d5f80000, 0x00000000e1f00000, 0x0000000100000000)
  eden space 114688K, 0% used [0x00000000d5f80000,0x00000000d5f80000,0x00000000dcf80000)
  from space 10752K, 99% used [0x00000000dcf80000,0x00000000dd9fb4f8,0x00000000dda00000)
  to   space 12288K, 0% used [0x00000000e1300000,0x00000000e1300000,0x00000000e1f00000)
 ParOldGen       total 50688K, used 10040K [0x0000000081e00000, 0x0000000084f80000, 0x00000000d5f80000)
  object space 50688K, 19% used [0x0000000081e00000,0x00000000827ce3d0,0x0000000084f80000)
 Metaspace       used 33489K, capacity 35460K, committed 35496K, reserved 1079296K
  class space    used 4391K, capacity 4748K, committed 4776K, reserved 1048576K
}
Event: 15.110 GC heap before
{Heap before GC invocations=11 (full 2):
 PSYoungGen      total 125440K, used 10733K [0x00000000d5f80000, 0x00000000e1f00000, 0x0000000100000000)
  eden space 114688K, 0% used [0x00000000d5f80000,0x00000000d5f80000,0x00000000dcf80000)
  from space 10752K, 99% used [0x00000000dcf80000,0x00000000dd9fb4f8,0x00000000dda00000)
  to   space 12288K, 0% used [0x00000000e1300000,0x00000000e1300000,0x00000000e1f00000)
 ParOldGen       total 50688K, used 10040K [0x0000000081e00000, 0x0000000084f80000, 0x00000000d5f80000)
  object space 50688K, 19% used [0x0000000081e00000,0x00000000827ce3d0,0x0000000084f80000)
 Metaspace       used 33489K, capacity 35460K, committed 35496K, reserved 1079296K
  class space    used 4391K, capacity 4748K, committed 4776K, reserved 1048576K
Event: 15.167 GC heap after
Heap after GC invocations=11 (full 2):
 PSYoungGen      total 125440K, used 0K [0x00000000d5f80000, 0x00000000e1f00000, 0x0000000100000000)
  eden space 114688K, 0% used [0x00000000d5f80000,0x00000000d5f80000,0x00000000dcf80000)
  from space 10752K, 0% used [0x00000000dcf80000,0x00000000dcf80000,0x00000000dda00000)
  to   space 12288K, 0% used [0x00000000e1300000,0x00000000e1300000,0x00000000e1f00000)
 ParOldGen       total 71168K, used 16864K [0x0000000081e00000, 0x0000000086380000, 0x00000000d5f80000)
  object space 71168K, 23% used [0x0000000081e00000,0x0000000082e780a8,0x0000000086380000)
 Metaspace       used 33489K, capacity 35460K, committed 35496K, reserved 1079296K
  class space    used 4391K, capacity 4748K, committed 4776K, reserved 1048576K
}

